

Started GET "/" for 127.0.0.1 at 2012-05-23 16:37:48 +0800
Processing by DummyController#index as HTML
  Rendered dummy/index.html.erb within layouts/application (73.7ms)
Compiled dummy.css  (0ms)  (pid 6253)
Compiled application.css  (13ms)  (pid 6253)
Compiled jquery.js  (2ms)  (pid 6253)
Compiled jquery_ujs.js  (0ms)  (pid 6253)
Compiled dummy.js  (0ms)  (pid 6253)
Compiled application.js  (82ms)  (pid 6253)
Completed 200 OK in 269ms (Views: 268.1ms | ActiveRecord: 0.0ms)


Started GET "/assets/dummy.js?body=1" for 127.0.0.1 at 2012-05-23 16:37:49 +0800
Served asset /dummy.js - 200 OK (28ms)


Started GET "/assets/jquery_ujs.js?body=1" for 127.0.0.1 at 2012-05-23 16:37:49 +0800
Served asset /jquery_ujs.js - 200 OK (7ms)


Started GET "/assets/jquery.js?body=1" for 127.0.0.1 at 2012-05-23 16:37:49 +0800
Served asset /jquery.js - 200 OK (2ms)


Started GET "/assets/dummy.css?body=1" for 127.0.0.1 at 2012-05-23 16:37:49 +0800
Served asset /dummy.css - 200 OK (2ms)


Started GET "/assets/application.js?body=1" for 127.0.0.1 at 2012-05-23 16:37:49 +0800
Served asset /application.js - 200 OK (38ms)


Started GET "/assets/application.css?body=1" for 127.0.0.1 at 2012-05-23 16:37:49 +0800
Served asset /application.css - 200 OK (4ms)


Started GET "/" for 127.0.0.1 at 2012-05-23 16:41:20 +0800
Processing by DummyController#index as HTML
  Rendered dummy/index.html.erb within layouts/application (18.3ms)
Completed 200 OK in 73ms (Views: 72.1ms | ActiveRecord: 0.0ms)


Started GET "/assets/dummy.css?body=1" for 127.0.0.1 at 2012-05-23 16:41:21 +0800
Served asset /dummy.css - 304 Not Modified (2ms)


Started GET "/assets/application.css?body=1" for 127.0.0.1 at 2012-05-23 16:41:21 +0800
Served asset /application.css - 304 Not Modified (8ms)


Started GET "/assets/application.js?body=1" for 127.0.0.1 at 2012-05-23 16:41:21 +0800
Served asset /application.js - 304 Not Modified (6ms)


Started GET "/assets/jquery_ujs.js?body=1" for 127.0.0.1 at 2012-05-23 16:41:21 +0800
Served asset /jquery_ujs.js - 304 Not Modified (2ms)


Started GET "/assets/dummy.js?body=1" for 127.0.0.1 at 2012-05-23 16:41:21 +0800
Served asset /dummy.js - 304 Not Modified (2ms)


Started GET "/assets/jquery.js?body=1" for 127.0.0.1 at 2012-05-23 16:41:21 +0800
Served asset /jquery.js - 304 Not Modified (5ms)


Started GET "/" for 127.0.0.1 at 2012-05-23 16:42:08 +0800
Processing by DummyController#index as HTML
  Rendered dummy/index.html.erb within layouts/application (30.9ms)
Completed 500 Internal Server Error in 33ms

ActionView::Template::Error (undefined method `localized_country_select' for #<#<Class:0x007fa26ac9fb08>:0x007fa26d5b8a08>):
    2: Translation of US is <%= t('US', :scope => 'countries') %>
    3: </p>
    4: <p>
    5: <%= localized_country_select(:user, :country, [], :include_blank => 'Please choose...') %>
    6: </p>
  app/views/dummy/index.html.erb:5:in `_app_views_dummy_index_html_erb__352180229183586412_70167782376800'


  Rendered /Users/yjchen/.rvm/gems/ruby-1.9.3-p125@rails32/gems/actionpack-3.2.3/lib/action_dispatch/middleware/templates/rescues/_trace.erb (4.7ms)
  Rendered /Users/yjchen/.rvm/gems/ruby-1.9.3-p125@rails32/gems/actionpack-3.2.3/lib/action_dispatch/middleware/templates/rescues/_request_and_response.erb (1.5ms)
  Rendered /Users/yjchen/.rvm/gems/ruby-1.9.3-p125@rails32/gems/actionpack-3.2.3/lib/action_dispatch/middleware/templates/rescues/template_error.erb within rescues/layout (16.4ms)


Started GET "/" for 127.0.0.1 at 2012-05-23 16:44:07 +0800
Processing by DummyController#index as HTML
  Rendered dummy/index.html.erb within layouts/application (7.4ms)
Completed 500 Internal Server Error in 10ms

ActionView::Template::Error (undefined method `localized_country_select' for #<#<Class:0x007fa26ac9fb08>:0x007fa26d04f468>):
    2: Translation of US is <%= t('US', :scope => 'countries') %>
    3: </p>
    4: <p>
    5: <%= localized_country_select(:user, :country, [], :include_blank => 'Please choose...') %>
    6: </p>
  app/views/dummy/index.html.erb:5:in `_app_views_dummy_index_html_erb__352180229183586412_70167795233260'


  Rendered /Users/yjchen/.rvm/gems/ruby-1.9.3-p125@rails32/gems/actionpack-3.2.3/lib/action_dispatch/middleware/templates/rescues/_trace.erb (4.3ms)
  Rendered /Users/yjchen/.rvm/gems/ruby-1.9.3-p125@rails32/gems/actionpack-3.2.3/lib/action_dispatch/middleware/templates/rescues/_request_and_response.erb (1.2ms)
  Rendered /Users/yjchen/.rvm/gems/ruby-1.9.3-p125@rails32/gems/actionpack-3.2.3/lib/action_dispatch/middleware/templates/rescues/template_error.erb within rescues/layout (12.1ms)


Started GET "/" for 127.0.0.1 at 2012-05-23 16:46:58 +0800
Processing by DummyController#index as HTML
  Rendered dummy/index.html.erb within layouts/application (280.3ms)
Completed 200 OK in 310ms (Views: 309.9ms | ActiveRecord: 0.0ms)


Started GET "/assets/dummy.css?body=1" for 127.0.0.1 at 2012-05-23 16:46:59 +0800
Served asset /dummy.css - 304 Not Modified (2ms)


Started GET "/assets/dummy.js?body=1" for 127.0.0.1 at 2012-05-23 16:46:59 +0800
Served asset /dummy.js - 304 Not Modified (2ms)


Started GET "/assets/jquery.js?body=1" for 127.0.0.1 at 2012-05-23 16:46:59 +0800
Served asset /jquery.js - 304 Not Modified (6ms)


Started GET "/assets/application.css?body=1" for 127.0.0.1 at 2012-05-23 16:46:59 +0800
Served asset /application.css - 304 Not Modified (2ms)


Started GET "/assets/application.js?body=1" for 127.0.0.1 at 2012-05-23 16:46:59 +0800
Served asset /application.js - 304 Not Modified (6ms)


Started GET "/assets/jquery_ujs.js?body=1" for 127.0.0.1 at 2012-05-23 16:46:59 +0800
Served asset /jquery_ujs.js - 304 Not Modified (2ms)


Started GET "/" for 127.0.0.1 at 2012-05-23 16:50:26 +0800
Processing by DummyController#index as HTML
  Rendered dummy/index.html.erb within layouts/application (74.4ms)
Completed 200 OK in 92ms (Views: 91.3ms | ActiveRecord: 0.0ms)


Started GET "/assets/dummy.css?body=1" for 127.0.0.1 at 2012-05-23 16:50:26 +0800
Served asset /dummy.css - 304 Not Modified (0ms)


Started GET "/assets/jquery.js?body=1" for 127.0.0.1 at 2012-05-23 16:50:26 +0800
Served asset /jquery.js - 304 Not Modified (0ms)


Started GET "/assets/jquery_ujs.js?body=1" for 127.0.0.1 at 2012-05-23 16:50:26 +0800
Served asset /jquery_ujs.js - 304 Not Modified (0ms)


Started GET "/assets/application.css?body=1" for 127.0.0.1 at 2012-05-23 16:50:26 +0800
Served asset /application.css - 304 Not Modified (0ms)


Started GET "/assets/dummy.js?body=1" for 127.0.0.1 at 2012-05-23 16:50:26 +0800
Served asset /dummy.js - 304 Not Modified (0ms)


Started GET "/assets/application.js?body=1" for 127.0.0.1 at 2012-05-23 16:50:26 +0800
Served asset /application.js - 304 Not Modified (0ms)
